-------------------------------------------------------------------------------
Test set: myPackage.RunCucumberTest
-------------------------------------------------------------------------------
Tests run: 2, Failures: 0, Errors: 2, Skipped: 0, Time elapsed: 183.031 s <<< FAILURE! - in myPackage.RunCucumberTest
Tranfer money between two customers by their account ID. #1  Time elapsed: 161.478 s  <<< ERROR!
org.springframework.web.client.ResourceAccessException: I/O error on POST request for "http://localhost:0/transfer/1/3": connect: Address is invalid on local machine, or port is not valid on remote machine; nested exception is java.net.ConnectException: connect: Address is invalid on local machine, or port is not valid on remote machine
Caused by: java.net.ConnectException: connect: Address is invalid on local machine, or port is not valid on remote machine

Tranfer money between two customers by their account ID. #2  Time elapsed: 19.123 s  <<< ERROR!
org.springframework.web.client.ResourceAccessException: I/O error on POST request for "http://localhost:0/transfer/2/3": connect: Address is invalid on local machine, or port is not valid on remote machine; nested exception is java.net.ConnectException: connect: Address is invalid on local machine, or port is not valid on remote machine
Caused by: java.net.ConnectException: connect: Address is invalid on local machine, or port is not valid on remote machine

