<?xml version="1.0" encoding="UTF-8"?>
<testsuite xmlns:xsi="http://www.w3.org/2001/XMLSchema-instance" xsi:noNamespaceSchemaLocation="https://maven.apache.org/surefire/maven-surefire-plugin/xsd/surefire-test-report.xsd" name="bankingdbTest.RunCucumberTest" time="1.017" tests="2" errors="2" skipped="0" failures="0">
  <properties>
[...]
</properties>
  <testcase name="Tranfer money between two customers by their account ID. #1" classname="bankingdbTest.RunCucumberTest" time="0.514">
    <error type="java.lang.NullPointerException">java.lang.NullPointerException
</error>
    <system-out><![CDATA[
Scenario Outline: Tranfer money between two customers by their account ID. &amp#27;[90m# src/test/resources/features/tranferBalance.feature:10&amp#27;[0m
  &amp#27;[31mGiven &amp#27;[0m&amp#27;[31mThe account &amp#27;[0m&amp#27;[31m&amp#27;[1m1&amp#27;[0m&amp#27;[31m who transfers &amp#27;[0m&amp#27;[31m&amp#27;[1m200.0&amp#27;[0m&amp#27;[31m to account &amp#27;[0m&amp#27;[31m&amp#27;[1m3&amp#27;[0m                     &amp#27;[90m# bankingdbTest.StepDefinitions.theAccountIdWhoTransfersAmountToAccountId(long,double,long)&amp#27;[0m
      &amp#27;[31mjava.lang.NullPointerException
	at myPackage.services.TranService.debit(TranService.java:33)
	at myPackage.services.TranService.transfer(TranService.java:61)
	at bankingdbTest.StepDefinitions.theAccountIdWhoTransfersAmountToAccountId(StepDefinitions.java:24)
	at âœ½.The account 1 who transfers 200.0 to account 3(file:///C:/Users/user/Documents/CODES/java%20programs/banking/app/src/test/resources/features/tranferBalance.feature:5)
&amp#27;[0m
  &amp#27;[36mWhen &amp#27;[0m&amp#27;[36mThe user chooses transfer feature&amp#27;[0m                                   &amp#27;[90m# bankingdbTest.StepDefinitions.theUserChoosesTransferFeature()&amp#27;[0m
  &amp#27;[36mThen &amp#27;[0m&amp#27;[36mThe new balance for accounts should be &amp#27;[0m&amp#27;[36m&amp#27;[1m9800.0&amp#27;[0m&amp#27;[36m and &amp#27;[0m&amp#27;[36m&amp#27;[1m300.0&amp#27;[0m             &amp#27;[90m# bankingdbTest.StepDefinitions.theNewBalanceForAccountsShouldBeAmountAndAmount(double,double)&amp#27;[0m
]]></system-out>
  </testcase>
  <testcase name="Tranfer money between two customers by their account ID. #2" classname="bankingdbTest.RunCucumberTest" time="0.208">
    <error type="java.lang.NullPointerException">java.lang.NullPointerException
</error>
    <system-out><![CDATA[
Scenario Outline: Tranfer money between two customers by their account ID. &amp#27;[90m# src/test/resources/features/tranferBalance.feature:11&amp#27;[0m
  &amp#27;[31mGiven &amp#27;[0m&amp#27;[31mThe account &amp#27;[0m&amp#27;[31m&amp#27;[1m2&amp#27;[0m&amp#27;[31m who transfers &amp#27;[0m&amp#27;[31m&amp#27;[1m888.8&amp#27;[0m&amp#27;[31m to account &amp#27;[0m&amp#27;[31m&amp#27;[1m3&amp#27;[0m                     &amp#27;[90m# bankingdbTest.StepDefinitions.theAccountIdWhoTransfersAmountToAccountId(long,double,long)&amp#27;[0m
      &amp#27;[31mjava.lang.NullPointerException
	at myPackage.services.TranService.debit(TranService.java:33)
	at myPackage.services.TranService.transfer(TranService.java:61)
	at bankingdbTest.StepDefinitions.theAccountIdWhoTransfersAmountToAccountId(StepDefinitions.java:24)
	at âœ½.The account 2 who transfers 888.8 to account 3(file:///C:/Users/user/Documents/CODES/java%20programs/banking/app/src/test/resources/features/tranferBalance.feature:5)
&amp#27;[0m
  &amp#27;[36mWhen &amp#27;[0m&amp#27;[36mThe user chooses transfer feature&amp#27;[0m                                   &amp#27;[90m# bankingdbTest.StepDefinitions.theUserChoosesTransferFeature()&amp#27;[0m
  &amp#27;[36mThen &amp#27;[0m&amp#27;[36mThe new balance for accounts should be &amp#27;[0m&amp#27;[36m&amp#27;[1m111.2&amp#27;[0m&amp#27;[36m and &amp#27;[0m&amp#27;[36m&amp#27;[1m1188.8&amp#27;[0m             &amp#27;[90m# bankingdbTest.StepDefinitions.theNewBalanceForAccountsShouldBeAmountAndAmount(double,double)&amp#27;[0m
]]></system-out>
  </testcase>
</testsuite>